TN:
SF:src/middleware/logging.ts
FN:4,(anonymous_0)
FN:21,(anonymous_1)
FN:44,(anonymous_2)
FNF:3
FNH:0
FNDA:0,(anonymous_0)
FNDA:0,(anonymous_1)
FNDA:0,(anonymous_2)
DA:4,0
DA:5,0
DA:6,0
DA:9,0
DA:18,0
DA:21,0
DA:22,0
DA:25,0
DA:38,0
DA:41,0
DA:44,0
DA:50,0
DA:65,0
LF:13
LH:0
BRDA:14,0,0,0
BRDA:14,0,1,0
BRDA:31,1,0,0
BRDA:31,1,1,0
BRDA:31,2,0,0
BRDA:31,2,1,0
BRDA:54,3,0,0
BRDA:54,3,1,0
BRF:8
BRH:0
end_of_record
TN:
SF:src/services/linearService.ts
FN:60,(anonymous_1)
FN:68,(anonymous_2)
FN:79,(anonymous_3)
FN:88,(anonymous_4)
FN:119,(anonymous_5)
FN:120,(anonymous_6)
FN:161,(anonymous_7)
FN:245,(anonymous_8)
FN:293,(anonymous_9)
FN:312,(anonymous_10)
FN:356,(anonymous_11)
FN:398,(anonymous_12)
FN:441,(anonymous_13)
FN:498,(anonymous_14)
FNF:14
FNH:10
FNDA:45,(anonymous_1)
FNDA:45,(anonymous_2)
FNDA:43,(anonymous_3)
FNDA:8,(anonymous_4)
FNDA:5,(anonymous_5)
FNDA:5,(anonymous_6)
FNDA:15,(anonymous_7)
FNDA:10,(anonymous_8)
FNDA:2,(anonymous_9)
FNDA:0,(anonymous_10)
FNDA:0,(anonymous_11)
FNDA:0,(anonymous_12)
FNDA:0,(anonymous_13)
FNDA:11,(anonymous_14)
DA:1,2
DA:2,2
DA:3,2
DA:4,2
DA:5,2
DA:6,2
DA:35,2
DA:53,2
DA:58,2
DA:61,45
DA:62,45
DA:69,45
DA:70,45
DA:72,45
DA:80,43
DA:89,8
DA:92,8
DA:93,0
DA:94,0
DA:98,8
DA:99,8
DA:100,8
DA:102,8
DA:120,5
DA:121,5
DA:122,5
DA:123,5
DA:124,3
DA:126,2
DA:127,2
DA:128,2
DA:168,15
DA:170,15
DA:172,15
DA:175,15
DA:177,15
DA:178,6
DA:181,15
DA:182,4
DA:185,15
DA:186,7
DA:187,4
DA:188,4
DA:190,3
DA:195,15
DA:196,9
DA:199,15
DA:201,15
DA:206,14
DA:208,1
DA:209,1
DA:210,1
DA:252,10
DA:253,10
DA:255,10
DA:260,10
DA:261,10
DA:263,10
DA:264,2
DA:265,2
DA:266,8
DA:267,2
DA:270,10
DA:271,8
DA:273,8
DA:274,2
DA:277,6
DA:279,4
DA:280,4
DA:281,4
DA:294,2
DA:295,2
DA:296,2
DA:298,0
DA:299,0
DA:300,0
DA:319,0
DA:320,0
DA:321,0
DA:323,0
DA:330,0
DA:331,0
DA:333,0
DA:357,0
DA:358,0
DA:359,0
DA:361,0
DA:362,0
DA:369,0
DA:371,0
DA:372,0
DA:373,0
DA:399,0
DA:400,0
DA:401,0
DA:403,0
DA:404,0
DA:411,0
DA:412,0
DA:414,0
DA:415,0
DA:416,0
DA:442,0
DA:443,0
DA:445,0
DA:450,0
DA:452,0
DA:453,0
DA:456,0
DA:458,0
DA:459,0
DA:460,0
DA:508,11
DA:509,11
DA:511,11
DA:513,11
DA:514,11
DA:515,11
DA:516,11
DA:518,11
DA:519,2
DA:520,2
DA:521,9
DA:522,2
DA:523,7
DA:524,0
DA:527,11
DA:528,9
DA:530,9
DA:531,2
DA:534,7
DA:536,4
DA:537,4
DA:538,4
DA:549,2
LF:135
LH:93
BRDA:69,0,0,45
BRDA:92,1,0,0
BRDA:92,2,0,8
BRDA:92,2,1,0
BRDA:92,2,2,0
BRDA:126,3,0,2
BRDA:126,3,1,0
BRDA:127,4,0,2
BRDA:127,4,1,0
BRDA:166,5,0,0
BRDA:177,6,0,6
BRDA:181,7,0,4
BRDA:185,8,0,7
BRDA:186,9,0,4
BRDA:186,9,1,3
BRDA:195,10,0,9
BRDA:195,11,0,15
BRDA:195,11,1,9
BRDA:208,12,0,1
BRDA:208,12,1,0
BRDA:209,13,0,1
BRDA:209,13,1,0
BRDA:260,14,0,2
BRDA:261,15,0,2
BRDA:263,16,0,2
BRDA:263,16,1,8
BRDA:266,17,0,2
BRDA:273,18,0,2
BRDA:279,19,0,4
BRDA:279,19,1,0
BRDA:280,20,0,4
BRDA:280,20,1,0
BRDA:298,21,0,0
BRDA:298,21,1,0
BRDA:299,22,0,0
BRDA:299,22,1,0
BRDA:330,23,0,0
BRDA:330,23,1,0
BRDA:331,24,0,0
BRDA:331,24,1,0
BRDA:361,25,0,0
BRDA:371,26,0,0
BRDA:371,26,1,0
BRDA:372,27,0,0
BRDA:372,27,1,0
BRDA:403,28,0,0
BRDA:414,29,0,0
BRDA:414,29,1,0
BRDA:415,30,0,0
BRDA:415,30,1,0
BRDA:452,31,0,0
BRDA:458,32,0,0
BRDA:458,32,1,0
BRDA:459,33,0,0
BRDA:459,33,1,0
BRDA:513,34,0,7
BRDA:514,35,0,2
BRDA:515,36,0,2
BRDA:516,37,0,1
BRDA:518,38,0,2
BRDA:518,38,1,9
BRDA:521,39,0,2
BRDA:521,39,1,7
BRDA:521,40,0,9
BRDA:521,40,1,9
BRDA:523,41,0,0
BRDA:530,42,0,2
BRDA:536,43,0,4
BRDA:536,43,1,0
BRDA:537,44,0,4
BRDA:537,44,1,0
BRF:71
BRH:35
end_of_record
TN:
SF:src/utils/config.ts
FN:18,parseNumeric
FN:43,validateConfig
FNF:2
FNH:2
FNDA:18,parseNumeric
FNDA:6,validateConfig
DA:1,6
DA:2,6
DA:5,6
DA:19,18
DA:20,18
DA:21,15
DA:22,3
DA:24,15
DA:26,3
DA:32,6
DA:44,6
DA:45,0
DA:46,0
DA:50,6
DA:51,0
DA:61,6
DA:63,6
LF:17
LH:14
BRDA:19,0,0,18
BRDA:19,0,1,12
BRDA:20,1,0,15
BRDA:21,2,0,3
BRDA:34,3,0,6
BRDA:34,3,1,0
BRDA:35,4,0,6
BRDA:35,4,1,0
BRDA:39,5,0,6
BRDA:39,5,1,0
BRDA:44,6,0,0
BRDA:50,7,0,0
BRDA:50,8,0,6
BRDA:50,8,1,0
BRF:14
BRH:8
end_of_record
TN:
SF:src/utils/error.ts
FN:12,(anonymous_0)
FN:34,handleError
FNF:2
FNH:1
FNDA:15,(anonymous_0)
FNDA:0,handleError
DA:1,6
DA:7,6
DA:13,15
DA:14,15
DA:15,15
DA:16,15
DA:17,15
DA:34,6
DA:36,0
DA:37,0
DA:46,0
DA:47,0
DA:55,0
LF:13
LH:8
BRDA:12,0,0,0
BRDA:12,1,0,0
BRDA:36,2,0,0
BRDA:46,3,0,0
BRDA:58,4,0,0
BRDA:58,4,1,0
BRF:6
BRH:0
end_of_record
TN:
SF:src/utils/logger.ts
FN:94,(anonymous_1)
FN:94,(anonymous_2)
FN:12,(anonymous_3)
FN:30,(anonymous_4)
FN:40,(anonymous_5)
FN:47,(anonymous_6)
FN:54,(anonymous_7)
FN:61,(anonymous_8)
FN:68,(anonymous_9)
FNF:9
FNH:5
FNDA:0,(anonymous_1)
FNDA:0,(anonymous_2)
FNDA:6,(anonymous_3)
FNDA:6,(anonymous_4)
FNDA:0,(anonymous_5)
FNDA:111,(anonymous_6)
FNDA:0,(anonymous_7)
FNDA:3,(anonymous_8)
FNDA:11,(anonymous_9)
DA:1,6
DA:3,6
DA:8,6
DA:13,6
DA:31,6
DA:32,6
DA:34,6
DA:41,0
DA:48,111
DA:55,0
DA:62,3
DA:69,11
DA:70,0
DA:71,0
DA:85,11
DA:91,6
DA:94,6
LF:17
LH:13
BRDA:14,0,0,6
BRDA:14,0,1,0
BRDA:31,1,0,6
BRDA:41,2,0,0
BRDA:41,2,1,0
BRDA:48,3,0,111
BRDA:48,3,1,60
BRDA:55,4,0,0
BRDA:55,4,1,0
BRDA:62,5,0,3
BRDA:62,5,1,3
BRDA:69,6,0,0
BRDA:69,6,1,11
BRDA:85,7,0,11
BRDA:85,7,1,0
BRF:15
BRH:8
end_of_record
TN:
SF:src/utils/validation.ts
FNF:0
FNH:0
DA:8,0
DA:17,0
DA:26,0
DA:36,0
DA:41,0
DA:46,0
DA:51,0
LF:7
LH:0
BRF:0
BRH:0
end_of_record
